Determining if the pthread_create exist failed with the following output:
Change Dir: /home/vanilladynamite/catkin_ws/build/CMakeFiles/CMakeTmp

Run Build Command:/usr/bin/make "cmTryCompileExec67254021/fast"
/usr/bin/make -f CMakeFiles/cmTryCompileExec67254021.dir/build.make CMakeFiles/cmTryCompileExec67254021.dir/build
make[1]: Entering directory `/home/vanilladynamite/catkin_ws/build/CMakeFiles/CMakeTmp'
/usr/bin/cmake -E cmake_progress_report /home/vanilladynamite/catkin_ws/build/CMakeFiles/CMakeTmp/CMakeFiles 1
Building C object CMakeFiles/cmTryCompileExec67254021.dir/CheckSymbolExists.c.o
/usr/bin/cc    -o CMakeFiles/cmTryCompileExec67254021.dir/CheckSymbolExists.c.o   -c /home/vanilladynamite/catkin_ws/build/CMakeFiles/CMakeTmp/CheckSymbolExists.c
Linking C executable cmTryCompileExec67254021
/usr/bin/cmake -E cmake_link_script CMakeFiles/cmTryCompileExec67254021.dir/link.txt --verbose=1
/usr/bin/cc       CMakeFiles/cmTryCompileExec67254021.dir/CheckSymbolExists.c.o  -o cmTryCompileExec67254021 -rdynamic 
CMakeFiles/cmTryCompileExec67254021.dir/CheckSymbolExists.c.o: In function `main':
CheckSymbolExists.c:(.text+0x16): undefined reference to `pthread_create'
collect2: error: ld returned 1 exit status
make[1]: *** [cmTryCompileExec67254021] Error 1
make[1]: Leaving directory `/home/vanilladynamite/catkin_ws/build/CMakeFiles/CMakeTmp'
make: *** [cmTryCompileExec67254021/fast] Error 2

File /home/vanilladynamite/catkin_ws/build/CMakeFiles/CMakeTmp/CheckSymbolExists.c:
/* */
#include <pthread.h>

int main(int argc, char** argv)
{
  (void)argv;
#ifndef pthread_create
  return ((int*)(&pthread_create))[argc];
#else
  (void)argc;
  return 0;
#endif
}

Determining if the function pthread_create exists in the pthreads failed with the following output:
Change Dir: /home/vanilladynamite/catkin_ws/build/CMakeFiles/CMakeTmp

Run Build Command:/usr/bin/make "cmTryCompileExec984459561/fast"
/usr/bin/make -f CMakeFiles/cmTryCompileExec984459561.dir/build.make CMakeFiles/cmTryCompileExec984459561.dir/build
make[1]: Entering directory `/home/vanilladynamite/catkin_ws/build/CMakeFiles/CMakeTmp'
/usr/bin/cmake -E cmake_progress_report /home/vanilladynamite/catkin_ws/build/CMakeFiles/CMakeTmp/CMakeFiles 1
Building C object CMakeFiles/cmTryCompileExec984459561.dir/CheckFunctionExists.c.o
/usr/bin/cc   -DCHECK_FUNCTION_EXISTS=pthread_create   -o CMakeFiles/cmTryCompileExec984459561.dir/CheckFunctionExists.c.o   -c /usr/share/cmake-2.8/Modules/CheckFunctionExists.c
Linking C executable cmTryCompileExec984459561
/usr/bin/cmake -E cmake_link_script CMakeFiles/cmTryCompileExec984459561.dir/link.txt --verbose=1
/usr/bin/cc   -DCHECK_FUNCTION_EXISTS=pthread_create    CMakeFiles/cmTryCompileExec984459561.dir/CheckFunctionExists.c.o  -o cmTryCompileExec984459561 -rdynamic -lpthreads 
/usr/bin/ld: cannot find -lpthreads
collect2: error: ld returned 1 exit status
make[1]: *** [cmTryCompileExec984459561] Error 1
make[1]: Leaving directory `/home/vanilladynamite/catkin_ws/build/CMakeFiles/CMakeTmp'
make: *** [cmTryCompileExec984459561/fast] Error 2


